<?xml version="1.0" encoding="UTF-8"?>
<testng-results ignored="0" total="4" passed="4" failed="0" skipped="0">
  <reporter-output>
  </reporter-output>
  <suite started-at="2026-05-14T08:06:18 IST" name="Default suite" finished-at="2026-05-14T08:06:45 IST" duration-ms="27781">
    <groups>
      <group name="cucumber">
        <method signature="AbstractTestNGCucumberTests.runScenario(io.cucumber.testng.PickleWrapper,io.cucumber.testng.FeatureWrapper)[pri:0, instance:com.runner.RunnerTestNG@5c671d7f]" name="runScenario" class="io.cucumber.testng.AbstractTestNGCucumberTests"/>
      </group> <!-- cucumber -->
    </groups>
    <test started-at="2026-05-14T08:06:18 IST" name="Default test" finished-at="2026-05-14T08:06:45 IST" duration-ms="27781">
      <class name="com.runner.RunnerTestNG">
        <test-method is-config="true" signature="setUpClass(org.testng.ITestContext)[pri:0, instance:com.runner.RunnerTestNG@5c671d7f]" started-at="2026-05-14T08:06:18 IST" name="setUpClass" finished-at="2026-05-14T08:06:20 IST" duration-ms="2013" status="PASS">
          <params>
            <param index="0">
              <value>
                <![CDATA[org.testng.TestRunner@4c1d59cd]]>
              </value>
            </param>
          </params>
          <reporter-output>
          </reporter-output>
        </test-method> <!-- setUpClass -->
        <test-method signature="runScenario(io.cucumber.testng.PickleWrapper,io.cucumber.testng.FeatureWrapper)[pri:0, instance:com.runner.RunnerTestNG@5c671d7f]" started-at="2026-05-14T08:06:20 IST" name="runScenario" description="Runs Cucumber Scenarios" data-provider="scenarios" finished-at="2026-05-14T08:06:34 IST" duration-ms="13704" status="PASS">
          <params>
            <param index="0">
              <value>
                <![CDATA["Search products with different keywords"]]>
              </value>
            </param>
            <param index="1">
              <value>
                <![CDATA["Search feature"]]>
              </value>
            </param>
          </params>
          <reporter-output>
          </reporter-output>
        </test-method> <!-- runScenario -->
        <test-method signature="runScenario(io.cucumber.testng.PickleWrapper,io.cucumber.testng.FeatureWrapper)[pri:0, instance:com.runner.RunnerTestNG@5c671d7f]" started-at="2026-05-14T08:06:20 IST" name="runScenario" description="Runs Cucumber Scenarios" data-provider="scenarios" finished-at="2026-05-14T08:06:41 IST" duration-ms="20960" status="PASS">
          <params>
            <param index="0">
              <value>
                <![CDATA["Add address using data table"]]>
              </value>
            </param>
            <param index="1">
              <value>
                <![CDATA["Address Book Feature"]]>
              </value>
            </param>
          </params>
          <reporter-output>
          </reporter-output>
        </test-method> <!-- runScenario -->
        <test-method signature="runScenario(io.cucumber.testng.PickleWrapper,io.cucumber.testng.FeatureWrapper)[pri:0, instance:com.runner.RunnerTestNG@5c671d7f]" started-at="2026-05-14T08:06:20 IST" name="runScenario" description="Runs Cucumber Scenarios" data-provider="scenarios" finished-at="2026-05-14T08:06:33 IST" duration-ms="13402" status="PASS">
          <params>
            <param index="0">
              <value>
                <![CDATA["Search products with different keywords"]]>
              </value>
            </param>
            <param index="1">
              <value>
                <![CDATA["Search feature"]]>
              </value>
            </param>
          </params>
          <reporter-output>
          </reporter-output>
        </test-method> <!-- runScenario -->
        <test-method signature="runScenario(io.cucumber.testng.PickleWrapper,io.cucumber.testng.FeatureWrapper)[pri:0, instance:com.runner.RunnerTestNG@5c671d7f]" started-at="2026-05-14T08:06:20 IST" name="runScenario" description="Runs Cucumber Scenarios" data-provider="scenarios" finished-at="2026-05-14T08:06:33 IST" duration-ms="13441" status="PASS">
          <params>
            <param index="0">
              <value>
                <![CDATA["Search products with different keywords"]]>
              </value>
            </param>
            <param index="1">
              <value>
                <![CDATA["Search feature"]]>
              </value>
            </param>
          </params>
          <reporter-output>
          </reporter-output>
        </test-method> <!-- runScenario -->
        <test-method is-config="true" signature="tearDownClass()[pri:0, instance:com.runner.RunnerTestNG@5c671d7f]" started-at="2026-05-14T08:06:41 IST" name="tearDownClass" finished-at="2026-05-14T08:06:45 IST" duration-ms="4712" status="PASS">
          <reporter-output>
          </reporter-output>
        </test-method> <!-- tearDownClass -->
      </class> <!-- com.runner.RunnerTestNG -->
    </test> <!-- Default test -->
  </suite> <!-- Default suite -->
</testng-results>
