<?xml version="1.0" encoding="UTF-8"?>
<!-- Generated by org.testng.reporters.JUnitReportReporter -->
<testsuite hostname="DESKTOP-CN5PLH3" failures="0" tests="4" name="com.runner.TestNGRunner" time="84.627" errors="0" timestamp="2026-05-14T07:30:41 IST" skipped="0">
  <testcase classname="com.runner.TestNGRunner" name="runScenario" time="29.837"/>
  <testcase classname="com.runner.TestNGRunner" name="runScenario" time="17.987"/>
  <testcase classname="com.runner.TestNGRunner" name="runScenario" time="19.781"/>
  <testcase classname="com.runner.TestNGRunner" name="runScenario" time="17.022"/>
</testsuite> <!-- com.runner.TestNGRunner -->
