<?xml version="1.0" encoding="UTF-8"?>
<!-- Generated by org.testng.reporters.JUnitReportReporter -->
<testsuite hostname="DESKTOP-CN5PLH3" failures="0" tests="4" name="com.runner.RunnerTestNG" time="61.507" errors="0" timestamp="2026-05-14T08:06:46 IST" skipped="0">
  <testcase classname="com.runner.RunnerTestNG" name="runScenario" time="13.704"/>
  <testcase classname="com.runner.RunnerTestNG" name="runScenario" time="20.960"/>
  <testcase classname="com.runner.RunnerTestNG" name="runScenario" time="13.402"/>
  <testcase classname="com.runner.RunnerTestNG" name="runScenario" time="13.441"/>
</testsuite> <!-- com.runner.RunnerTestNG -->
